<?xml version="1.0" encoding="UTF-8"?>
<testng-results ignored="0" total="1" passed="1" failed="0" skipped="0">
  <reporter-output>
  </reporter-output>
  <suite started-at="2021-02-12T22:07:22 EAT" name="Default suite" finished-at="2021-02-12T22:07:36 EAT" duration-ms="13676">
    <groups>
    </groups>
    <test started-at="2021-02-12T22:07:22 EAT" name="Default test" finished-at="2021-02-12T22:07:36 EAT" duration-ms="13676">
      <class name="bitfinix.Task">
        <test-method is-config="true" signature="Setup()[pri:0, instance:bitfinix.Task@161b062a]" started-at="2021-02-12T22:07:22 EAT" name="Setup" finished-at="2021-02-12T22:07:24 EAT" duration-ms="1276" status="PASS">
          <reporter-output>
          </reporter-output>
        </test-method> <!-- Setup -->
        <test-method signature="loadPage()[pri:0, instance:bitfinix.Task@161b062a]" started-at="2021-02-12T22:07:24 EAT" name="loadPage" finished-at="2021-02-12T22:07:36 EAT" duration-ms="12357" status="PASS">
          <reporter-output>
          </reporter-output>
        </test-method> <!-- loadPage -->
        <test-method is-config="true" signature="stop()[pri:0, instance:bitfinix.Task@161b062a]" started-at="2021-02-12T22:07:36 EAT" name="stop" finished-at="2021-02-12T22:07:36 EAT" duration-ms="1" status="PASS">
          <reporter-output>
          </reporter-output>
        </test-method> <!-- stop -->
      </class> <!-- bitfinix.Task -->
    </test> <!-- Default test -->
  </suite> <!-- Default suite -->
</testng-results>
